<?xml version="1.0" encoding="UTF-8"?>
<!-- Generated by org.testng.reporters.JUnitXMLReporter -->
<testsuite ignored="0" hostname="LAPTOP-5738PF4F" failures="0" tests="6" name="EdgeTesting" time="9.718" errors="0" timestamp="2023-02-14T23:02:14 IST">
  <testcase classname="TestNG.TestNGClass_Facebook_2" name="@BeforeClass createPOMObject" time="4.132">
    <failure type="org.openqa.selenium.NoSuchWindowException" message="no such window: target window already closed
from unknown error: web view not found
  (Session info: MicrosoftEdge=110.0.1587.41)
Build info: version: &amp;apos;3.141.59&amp;apos;, revision: &amp;apos;e82be7d358&amp;apos;, time: &amp;apos;2018-11-14T08:17:03&amp;apos;
System info: host: &amp;apos;LAPTOP-5738PF4F&amp;apos;, ip: &amp;apos;192.168.176.36&amp;apos;, os.name: &amp;apos;Windows 11&amp;apos;, os.arch: &amp;apos;amd64&amp;apos;, os.version: &amp;apos;10.0&amp;apos;, java.version: &amp;apos;18.0.2.1&amp;apos;
Driver info: org.openqa.selenium.edge.EdgeDriver
Capabilities {acceptInsecureCerts: false, browserName: msedge, browserVersion: 110.0.1587.41, javascriptEnabled: true, ms:edgeOptions: {debuggerAddress: localhost:58591}, msedge: {msedgedriverVersion: 109.0.1518.78 (4e4b32c38163..., userDataDir: C:\Users\AKASH\AppData\Loca...}, networkConnectionEnabled: false, pageLoadStrategy: normal, platform: WINDOWS, platformName: WINDOWS, proxy: Proxy(), setWindowRect: true, strictFileInteractability: false, timeouts: {implicit: 0, pageLoad: 300000, script: 30000}, unhandledPromptBehavior: dismiss and notify, webauthn:extension:credBlob: true, webauthn:extension:largeBlob: true, webauthn:virtualAuthenticators: true}
Session ID: 62225440eaf446d75b71ecda1e7dbc69
*** Element info: {Using=xpath, value=//a[text()=&amp;apos;Create new account&amp;apos;]}">
      <![CDATA[org.openqa.selenium.NoSuchWindowException: no such window: target window already closed
from unknown error: web view not found
  (Session info: MicrosoftEdge=110.0.1587.41)
Build info: version: '3.141.59', revision: 'e82be7d358', time: '2018-11-14T08:17:03'
System info: host: 'LAPTOP-5738PF4F', ip: '192.168.176.36', os.name: 'Windows 11', os.arch: 'amd64', os.version: '10.0', java.version: '18.0.2.1'
Driver info: org.openqa.selenium.edge.EdgeDriver
Capabilities {acceptInsecureCerts: false, browserName: msedge, browserVersion: 110.0.1587.41, javascriptEnabled: true, ms:edgeOptions: {debuggerAddress: localhost:58591}, msedge: {msedgedriverVersion: 109.0.1518.78 (4e4b32c38163..., userDataDir: C:\Users\AKASH\AppData\Loca...}, networkConnectionEnabled: false, pageLoadStrategy: normal, platform: WINDOWS, platformName: WINDOWS, proxy: Proxy(), setWindowRect: true, strictFileInteractability: false, timeouts: {implicit: 0, pageLoad: 300000, script: 30000}, unhandledPromptBehavior: dismiss and notify, webauthn:extension:credBlob: true, webauthn:extension:largeBlob: true, webauthn:virtualAuthenticators: true}
Session ID: 62225440eaf446d75b71ecda1e7dbc69
*** Element info: {Using=xpath, value=//a[text()='Create new account']}
at org.openqa.selenium.remote.http.W3CHttpResponseCodec.createException(W3CHttpResponseCodec.java:187)
at org.openqa.selenium.remote.http.W3CHttpResponseCodec.decode(W3CHttpResponseCodec.java:122)
at org.openqa.selenium.remote.http.W3CHttpResponseCodec.decode(W3CHttpResponseCodec.java:49)
at org.openqa.selenium.remote.HttpCommandExecutor.execute(HttpCommandExecutor.java:158)
at org.openqa.selenium.remote.service.DriverCommandExecutor.execute(DriverCommandExecutor.java:83)
at org.openqa.selenium.remote.RemoteWebDriver.execute(RemoteWebDriver.java:552)
at org.openqa.selenium.remote.RemoteWebDriver.findElement(RemoteWebDriver.java:323)
at org.openqa.selenium.remote.RemoteWebDriver.findElementByXPath(RemoteWebDriver.java:428)
at org.openqa.selenium.By$ByXPath.findElement(By.java:353)
at org.openqa.selenium.remote.RemoteWebDriver.findElement(RemoteWebDriver.java:315)
at org.openqa.selenium.support.pagefactory.DefaultElementLocator.findElement(DefaultElementLocator.java:69)
at org.openqa.selenium.support.pagefactory.internal.LocatingElementHandler.invoke(LocatingElementHandler.java:38)
at jdk.proxy2/jdk.proxy2.$Proxy19.click(Unknown Source)
at Facebook_POMclasses.LoginOrSignUpPage.clickOnCreatNewAccountButton(LoginOrSignUpPage.java:59)
at TestNG.TestNGClass_Facebook_2.createPOMObject(TestNGClass_Facebook_2.java:54)
at java.base/java.util.concurrent.ThreadPoolExecutor.runWorker(ThreadPoolExecutor.java:1136)
at java.base/java.util.concurrent.ThreadPoolExecutor$Worker.run(ThreadPoolExecutor.java:635)
at java.base/java.lang.Thread.run(Thread.java:833)
... Removed 11 stack frames]]>
    </failure>
  </testcase> <!-- @BeforeClass createPOMObject -->
  <testcase classname="TestNG.TestNGClass_Facebook_2" name="@BeforeMethod goToSignupForm" time="-1.676395932445E9">
    <skipped/>
  </testcase> <!-- @BeforeMethod goToSignupForm -->
  <testcase classname="TestNG.TestNGClass_Facebook_2" name="@AfterMethod afterMethod" time="-1.676395932453E9">
    <skipped/>
  </testcase> <!-- @AfterMethod afterMethod -->
  <testcase classname="TestNG.TestNGClass_Facebook_2" name="@BeforeMethod goToSignupForm" time="-1.676395932458E9">
    <skipped/>
  </testcase> <!-- @BeforeMethod goToSignupForm -->
  <testcase classname="TestNG.TestNGClass_Facebook_2" name="@AfterMethod afterMethod" time="-1.676395932462E9">
    <skipped/>
  </testcase> <!-- @AfterMethod afterMethod -->
  <testcase classname="TestNG.TestNGClass_Facebook_2" name="@BeforeMethod goToSignupForm" time="-1.676395932465E9">
    <skipped/>
  </testcase> <!-- @BeforeMethod goToSignupForm -->
  <testcase classname="TestNG.TestNGClass_Facebook_2" name="@AfterMethod afterMethod" time="-1.676395932472E9">
    <skipped/>
  </testcase> <!-- @AfterMethod afterMethod -->
  <testcase classname="TestNG.TestNGClass_Facebook_2" name="@AfterClass clearPOMObject" time="-1.676395932474E9">
    <skipped/>
  </testcase> <!-- @AfterClass clearPOMObject -->
  <testcase classname="TestNG.TestNGClass_Facebook" name="@BeforeClass createPOMObject" time="6.452">
    <failure type="org.openqa.selenium.NoSuchWindowException" message="no such window: target window already closed
from unknown error: web view not found
  (Session info: MicrosoftEdge=110.0.1587.41)
Build info: version: &amp;apos;3.141.59&amp;apos;, revision: &amp;apos;e82be7d358&amp;apos;, time: &amp;apos;2018-11-14T08:17:03&amp;apos;
System info: host: &amp;apos;LAPTOP-5738PF4F&amp;apos;, ip: &amp;apos;192.168.176.36&amp;apos;, os.name: &amp;apos;Windows 11&amp;apos;, os.arch: &amp;apos;amd64&amp;apos;, os.version: &amp;apos;10.0&amp;apos;, java.version: &amp;apos;18.0.2.1&amp;apos;
Driver info: org.openqa.selenium.edge.EdgeDriver
Capabilities {acceptInsecureCerts: false, browserName: msedge, browserVersion: 110.0.1587.41, javascriptEnabled: true, ms:edgeOptions: {debuggerAddress: localhost:58537}, msedge: {msedgedriverVersion: 109.0.1518.78 (4e4b32c38163..., userDataDir: C:\Users\AKASH\AppData\Loca...}, networkConnectionEnabled: false, pageLoadStrategy: normal, platform: WINDOWS, platformName: WINDOWS, proxy: Proxy(), setWindowRect: true, strictFileInteractability: false, timeouts: {implicit: 0, pageLoad: 300000, script: 30000}, unhandledPromptBehavior: dismiss and notify, webauthn:extension:credBlob: true, webauthn:extension:largeBlob: true, webauthn:virtualAuthenticators: true}
Session ID: f240e9264c8b7186fd15c9564893914b
*** Element info: {Using=xpath, value=//a[text()=&amp;apos;Create new account&amp;apos;]}">
      <![CDATA[org.openqa.selenium.NoSuchWindowException: no such window: target window already closed
from unknown error: web view not found
  (Session info: MicrosoftEdge=110.0.1587.41)
Build info: version: '3.141.59', revision: 'e82be7d358', time: '2018-11-14T08:17:03'
System info: host: 'LAPTOP-5738PF4F', ip: '192.168.176.36', os.name: 'Windows 11', os.arch: 'amd64', os.version: '10.0', java.version: '18.0.2.1'
Driver info: org.openqa.selenium.edge.EdgeDriver
Capabilities {acceptInsecureCerts: false, browserName: msedge, browserVersion: 110.0.1587.41, javascriptEnabled: true, ms:edgeOptions: {debuggerAddress: localhost:58537}, msedge: {msedgedriverVersion: 109.0.1518.78 (4e4b32c38163..., userDataDir: C:\Users\AKASH\AppData\Loca...}, networkConnectionEnabled: false, pageLoadStrategy: normal, platform: WINDOWS, platformName: WINDOWS, proxy: Proxy(), setWindowRect: true, strictFileInteractability: false, timeouts: {implicit: 0, pageLoad: 300000, script: 30000}, unhandledPromptBehavior: dismiss and notify, webauthn:extension:credBlob: true, webauthn:extension:largeBlob: true, webauthn:virtualAuthenticators: true}
Session ID: f240e9264c8b7186fd15c9564893914b
*** Element info: {Using=xpath, value=//a[text()='Create new account']}
at org.openqa.selenium.remote.http.W3CHttpResponseCodec.createException(W3CHttpResponseCodec.java:187)
at org.openqa.selenium.remote.http.W3CHttpResponseCodec.decode(W3CHttpResponseCodec.java:122)
at org.openqa.selenium.remote.http.W3CHttpResponseCodec.decode(W3CHttpResponseCodec.java:49)
at org.openqa.selenium.remote.HttpCommandExecutor.execute(HttpCommandExecutor.java:158)
at org.openqa.selenium.remote.service.DriverCommandExecutor.execute(DriverCommandExecutor.java:83)
at org.openqa.selenium.remote.RemoteWebDriver.execute(RemoteWebDriver.java:552)
at org.openqa.selenium.remote.RemoteWebDriver.findElement(RemoteWebDriver.java:323)
at org.openqa.selenium.remote.RemoteWebDriver.findElementByXPath(RemoteWebDriver.java:428)
at org.openqa.selenium.By$ByXPath.findElement(By.java:353)
at org.openqa.selenium.remote.RemoteWebDriver.findElement(RemoteWebDriver.java:315)
at org.openqa.selenium.support.pagefactory.DefaultElementLocator.findElement(DefaultElementLocator.java:69)
at org.openqa.selenium.support.pagefactory.internal.LocatingElementHandler.invoke(LocatingElementHandler.java:38)
at jdk.proxy2/jdk.proxy2.$Proxy19.click(Unknown Source)
at Facebook_POMclasses.LoginOrSignUpPage.clickOnCreatNewAccountButton(LoginOrSignUpPage.java:59)
at TestNG.TestNGClass_Facebook.createPOMObject(TestNGClass_Facebook.java:52)
at java.base/java.util.concurrent.ThreadPoolExecutor.runWorker(ThreadPoolExecutor.java:1136)
at java.base/java.util.concurrent.ThreadPoolExecutor$Worker.run(ThreadPoolExecutor.java:635)
at java.base/java.lang.Thread.run(Thread.java:833)
... Removed 11 stack frames]]>
    </failure>
  </testcase> <!-- @BeforeClass createPOMObject -->
  <testcase classname="TestNG.TestNGClass_Facebook" name="@BeforeMethod goToSignupForm" time="-1.676395934761E9">
    <skipped/>
  </testcase> <!-- @BeforeMethod goToSignupForm -->
  <testcase classname="TestNG.TestNGClass_Facebook" name="@AfterMethod afterMethod" time="-1.676395934765E9">
    <skipped/>
  </testcase> <!-- @AfterMethod afterMethod -->
  <testcase classname="TestNG.TestNGClass_Facebook" name="@BeforeMethod goToSignupForm" time="-1.676395934767E9">
    <skipped/>
  </testcase> <!-- @BeforeMethod goToSignupForm -->
  <testcase classname="TestNG.TestNGClass_Facebook" name="@AfterMethod afterMethod" time="-1.676395934773E9">
    <skipped/>
  </testcase> <!-- @AfterMethod afterMethod -->
  <testcase classname="TestNG.TestNGClass_Facebook" name="@BeforeMethod goToSignupForm" time="-1.676395934775E9">
    <skipped/>
  </testcase> <!-- @BeforeMethod goToSignupForm -->
  <testcase classname="TestNG.TestNGClass_Facebook" name="@AfterMethod afterMethod" time="-1.67639593478E9">
    <skipped/>
  </testcase> <!-- @AfterMethod afterMethod -->
  <testcase classname="TestNG.TestNGClass_Facebook" name="@AfterClass clearPOMObject" time="-1.676395934782E9">
    <skipped/>
  </testcase> <!-- @AfterClass clearPOMObject -->
  <testcase classname="TestNG.TestNGClass_Facebook" name="@AfterTest closeTheBrowser" time="-1.676395934784E9">
    <skipped/>
  </testcase> <!-- @AfterTest closeTheBrowser -->
  <testcase classname="TestNG.TestNGClass_Facebook_2" name="@AfterTest closeTheBrowser" time="-1.676395934787E9">
    <skipped/>
  </testcase> <!-- @AfterTest closeTheBrowser -->
  <testcase classname="TestNG.TestNGClass_Facebook_2" name="cookiesPolicyPageOpen" time="0.0">
    <skipped/>
  </testcase> <!-- cookiesPolicyPageOpen -->
  <testcase classname="TestNG.TestNGClass_Facebook_2" name="privacyPolicyPageOpen" time="0.0">
    <skipped/>
  </testcase> <!-- privacyPolicyPageOpen -->
  <testcase classname="TestNG.TestNGClass_Facebook_2" name="termsPageOpen" time="0.0">
    <skipped/>
  </testcase> <!-- termsPageOpen -->
  <testcase classname="TestNG.TestNGClass_Facebook" name="cookiesPolicyPageOpen" time="0.0">
    <skipped/>
  </testcase> <!-- cookiesPolicyPageOpen -->
  <testcase classname="TestNG.TestNGClass_Facebook" name="privacyPolicyPageOpen" time="0.0">
    <skipped/>
  </testcase> <!-- privacyPolicyPageOpen -->
  <testcase classname="TestNG.TestNGClass_Facebook" name="termsPageOpen" time="0.0">
    <skipped/>
  </testcase> <!-- termsPageOpen -->
</testsuite> <!-- EdgeTesting -->
